[     131ms] [INFO] %cDownload the React DevTools for a better development experience: https://reactjs.org/link/react-devtools font-weight:bold @ http://localhost:3000/node_modules/.vite/deps/chunk-V5LT2MCF.js?v=777d4b8c:21579
[  158944ms] ReferenceError: BookOpen is not defined
    at ReceiptPreview (http://localhost:3000/src/components/ui/ReceiptPreview.jsx:119:142)
    at renderWithHooks (http://localhost:3000/node_modules/.vite/deps/chunk-V5LT2MCF.js?v=777d4b8c:11568:26)
    at updateFunctionComponent (http://localhost:3000/node_modules/.vite/deps/chunk-V5LT2MCF.js?v=777d4b8c:14602:28)
    at beginWork (http://localhost:3000/node_modules/.vite/deps/chunk-V5LT2MCF.js?v=777d4b8c:15944:22)
    at HTMLUnknownElement.callCallback2 (http://localhost:3000/node_modules/.vite/deps/chunk-V5LT2MCF.js?v=777d4b8c:3674:22)
    at Object.invokeGuardedCallbackDev (http://localhost:3000/node_modules/.vite/deps/chunk-V5LT2MCF.js?v=777d4b8c:3699:24)
    at invokeGuardedCallback (http://localhost:3000/node_modules/.vite/deps/chunk-V5LT2MCF.js?v=777d4b8c:3733:39)
    at beginWork$1 (http://localhost:3000/node_modules/.vite/deps/chunk-V5LT2MCF.js?v=777d4b8c:19793:15)
    at performUnitOfWork (http://localhost:3000/node_modules/.vite/deps/chunk-V5LT2MCF.js?v=777d4b8c:19226:20)
    at workLoopSync (http://localhost:3000/node_modules/.vite/deps/chunk-V5LT2MCF.js?v=777d4b8c:19165:13)
[  158957ms] ReferenceError: BookOpen is not defined
    at ReceiptPreview (http://localhost:3000/src/components/ui/ReceiptPreview.jsx:119:142)
    at renderWithHooks (http://localhost:3000/node_modules/.vite/deps/chunk-V5LT2MCF.js?v=777d4b8c:11568:26)
    at updateFunctionComponent (http://localhost:3000/node_modules/.vite/deps/chunk-V5LT2MCF.js?v=777d4b8c:14602:28)
    at beginWork (http://localhost:3000/node_modules/.vite/deps/chunk-V5LT2MCF.js?v=777d4b8c:15944:22)
    at HTMLUnknownElement.callCallback2 (http://localhost:3000/node_modules/.vite/deps/chunk-V5LT2MCF.js?v=777d4b8c:3674:22)
    at Object.invokeGuardedCallbackDev (http://localhost:3000/node_modules/.vite/deps/chunk-V5LT2MCF.js?v=777d4b8c:3699:24)
    at invokeGuardedCallback (http://localhost:3000/node_modules/.vite/deps/chunk-V5LT2MCF.js?v=777d4b8c:3733:39)
    at beginWork$1 (http://localhost:3000/node_modules/.vite/deps/chunk-V5LT2MCF.js?v=777d4b8c:19793:15)
    at performUnitOfWork (http://localhost:3000/node_modules/.vite/deps/chunk-V5LT2MCF.js?v=777d4b8c:19226:20)
    at workLoopSync (http://localhost:3000/node_modules/.vite/deps/chunk-V5LT2MCF.js?v=777d4b8c:19165:13)
[  158960ms] [ERROR] The above error occurred in the <ReceiptPreview> component:

    at ReceiptPreview (http://localhost:3000/src/components/ui/ReceiptPreview.jsx:29:27)
    at div
    at ReceiptGenerator (http://localhost:3000/src/pages/ReceiptGenerator.jsx:43:20)
    at RenderedRoute (http://localhost:3000/node_modules/.vite/deps/react-router-dom.js?v=777d4b8c:4146:5)
    at Outlet (http://localhost:3000/node_modules/.vite/deps/react-router-dom.js?v=777d4b8c:4553:26)
    at div
    at main
    at div
    at div
    at DashboardLayout (http://localhost:3000/src/layouts/DashboardLayout.jsx:24:45)
    at RenderedRoute (http://localhost:3000/node_modules/.vite/deps/react-router-dom.js?v=777d4b8c:4146:5)
    at Outlet (http://localhost:3000/node_modules/.vite/deps/react-router-dom.js?v=777d4b8c:4553:26)
    at ProtectedRoute (http://localhost:3000/src/routes/ProtectedRoute.jsx:21:27)
    at RenderedRoute (http://localhost:3000/node_modules/.vite/deps/react-router-dom.js?v=777d4b8c:4146:5)
    at Routes (http://localhost:3000/node_modules/.vite/deps/react-router-dom.js?v=777d4b8c:4617:5)
    at AppRoutes
    at Router (http://localhost:3000/node_modules/.vite/deps/react-router-dom.js?v=777d4b8c:4560:15)
    at BrowserRouter (http://localhost:3000/node_modules/.vite/deps/react-router-dom.js?v=777d4b8c:5309:5)
    at App
    at AuthProvider (http://localhost:3000/src/context/AuthContext.jsx:21:32)

Consider adding an error boundary to your tree to customize error handling behavior.
Visit https://reactjs.org/link/error-boundaries to learn more about error boundaries. @ http://localhost:3000/node_modules/.vite/deps/chunk-V5LT2MCF.js?v=777d4b8c:14051
[  158961ms] ReferenceError: BookOpen is not defined
    at ReceiptPreview (http://localhost:3000/src/components/ui/ReceiptPreview.jsx:119:142)
    at renderWithHooks (http://localhost:3000/node_modules/.vite/deps/chunk-V5LT2MCF.js?v=777d4b8c:11568:26)
    at updateFunctionComponent (http://localhost:3000/node_modules/.vite/deps/chunk-V5LT2MCF.js?v=777d4b8c:14602:28)
    at beginWork (http://localhost:3000/node_modules/.vite/deps/chunk-V5LT2MCF.js?v=777d4b8c:15944:22)
    at beginWork$1 (http://localhost:3000/node_modules/.vite/deps/chunk-V5LT2MCF.js?v=777d4b8c:19781:22)
    at performUnitOfWork (http://localhost:3000/node_modules/.vite/deps/chunk-V5LT2MCF.js?v=777d4b8c:19226:20)
    at workLoopSync (http://localhost:3000/node_modules/.vite/deps/chunk-V5LT2MCF.js?v=777d4b8c:19165:13)
    at renderRootSync (http://localhost:3000/node_modules/.vite/deps/chunk-V5LT2MCF.js?v=777d4b8c:19144:15)
    at recoverFromConcurrentError (http://localhost:3000/node_modules/.vite/deps/chunk-V5LT2MCF.js?v=777d4b8c:18764:28)
    at performConcurrentWorkOnRoot (http://localhost:3000/node_modules/.vite/deps/chunk-V5LT2MCF.js?v=777d4b8c:18712:30)
